[2025-03-29 12:49:25] [1] [WARN] Reporting disabled: using no op test run registrar
[2025-03-29 12:49:25] [1] [INFO] TEST [Android Mobile Tests - testAddTask] STARTED at [13:49:25 2025-03-29]
[2025-03-29 12:49:25] [1] [ERROR] TEST [Android Mobile Tests - testAddTask] SKIPPED at [13:49:25 2025-03-29] - Cannot detect driver type. Capabilities 'browserName', 'platformName', 'udid' are empty.

com.zebrunner.carina.webdriver.config.WebDriverConfiguration.getDriverType(WebDriverConfiguration.java:454)
com.zebrunner.carina.webdriver.core.factory.DriverFactory.create(DriverFactory.java:70)
com.zebrunner.carina.webdriver.IDriverPool.createDriver(IDriverPool.java:404)
com.zebrunner.carina.webdriver.IDriverPool.getDriver(IDriverPool.java:152)
com.zebrunner.carina.webdriver.IDriverPool.getDriver(IDriverPool.java:116)
com.zebrunner.carina.webdriver.IDriverPool.getDriver(IDriverPool.java:104)
com.zebrunner.carina.automationexercise.mobile.AndroidTodoAppTest.setUp(AndroidTodoAppTest.java:20)
java.base/jdk.internal.reflect.DirectMethodHandleAccessor.invoke(DirectMethodHandleAccessor.java:103)
java.base/java.lang.reflect.Method.invoke(Method.java:580)
org.testng.internal.invokers.MethodInvocationHelper.invokeMethod(MethodInvocationHelper.java:139)
org.testng.internal.invokers.MethodInvocationHelper.invokeMethodConsideringTimeout(MethodInvocationHelper.java:69)
org.testng.internal.invokers.ConfigInvoker.invokeConfigurationMethod(ConfigInvoker.java:390)
org.testng.internal.invokers.ConfigInvoker.invokeConfigurations(ConfigInvoker.java:325)
org.testng.internal.invokers.TestInvoker.runConfigMethods(TestInvoker.java:810)
org.testng.internal.invokers.TestInvoker.invokeMethod(TestInvoker.java:577)
org.testng.internal.invokers.TestInvoker.invokeTestMethod(TestInvoker.java:227)
org.testng.internal.invokers.MethodRunner.runInSequence(MethodRunner.java:50)
org.testng.internal.invokers.TestInvoker$MethodInvocationAgent.invoke(TestInvoker.java:957)
org.testng.internal.invokers.TestInvoker.invokeTestMethods(TestInvoker.java:200)
org.testng.internal.invokers.TestMethodWorker.invokeTestMethods(TestMethodWorker.java:148)
org.testng.internal.invokers.TestMethodWorker.run(TestMethodWorker.java:128)
java.base/java.util.ArrayList.forEach(ArrayList.java:1596)
org.testng.TestRunner.privateRun(TestRunner.java:848)
org.testng.TestRunner.run(TestRunner.java:621)
org.testng.SuiteRunner.runTest(SuiteRunner.java:443)
org.testng.SuiteRunner.runSequentially(SuiteRunner.java:437)
org.testng.SuiteRunner.privateRun(SuiteRunner.java:397)
org.testng.SuiteRunner.run(SuiteRunner.java:336)
org.testng.SuiteRunnerWorker.runSuite(SuiteRunnerWorker.java:52)
org.testng.SuiteRunnerWorker.run(SuiteRunnerWorker.java:95)
org.testng.TestNG.runSuitesSequentially(TestNG.java:1280)
org.testng.TestNG.runSuitesLocally(TestNG.java:1200)
org.testng.TestNG.runSuites(TestNG.java:1114)
org.testng.TestNG.run(TestNG.java:1082)
org.apache.maven.surefire.testng.TestNGExecutor.run(TestNGExecutor.java:308)
org.apache.maven.surefire.testng.TestNGXmlTestSuite.execute(TestNGXmlTestSuite.java:71)
org.apache.maven.surefire.testng.TestNGProvider.invoke(TestNGProvider.java:113)
org.apache.maven.surefire.booter.ForkedBooter.runSuitesInProcess(ForkedBooter.java:385)
org.apache.maven.surefire.booter.ForkedBooter.execute(ForkedBooter.java:162)
org.apache.maven.surefire.booter.ForkedBooter.run(ForkedBooter.java:507)
org.apache.maven.surefire.booter.ForkedBooter.main(ForkedBooter.java:495)
[2025-03-29 12:49:25] [1] [WARN] Reporting disabled: using no op test run registrar
[2025-03-29 12:49:25] [1] [INFO] TEST [Android Mobile Tests - testAppLaunch] STARTED at [13:49:25 2025-03-29]
[2025-03-29 12:49:25] [1] [ERROR] TEST [Android Mobile Tests - testAppLaunch] SKIPPED at [13:49:25 2025-03-29] - Cannot detect driver type. Capabilities 'browserName', 'platformName', 'udid' are empty.

com.zebrunner.carina.webdriver.config.WebDriverConfiguration.getDriverType(WebDriverConfiguration.java:454)
com.zebrunner.carina.webdriver.core.factory.DriverFactory.create(DriverFactory.java:70)
com.zebrunner.carina.webdriver.IDriverPool.createDriver(IDriverPool.java:404)
com.zebrunner.carina.webdriver.IDriverPool.getDriver(IDriverPool.java:152)
com.zebrunner.carina.webdriver.IDriverPool.getDriver(IDriverPool.java:116)
com.zebrunner.carina.webdriver.IDriverPool.getDriver(IDriverPool.java:104)
com.zebrunner.carina.automationexercise.mobile.AndroidTodoAppTest.setUp(AndroidTodoAppTest.java:20)
java.base/jdk.internal.reflect.DirectMethodHandleAccessor.invoke(DirectMethodHandleAccessor.java:103)
java.base/java.lang.reflect.Method.invoke(Method.java:580)
org.testng.internal.invokers.MethodInvocationHelper.invokeMethod(MethodInvocationHelper.java:139)
org.testng.internal.invokers.MethodInvocationHelper.invokeMethodConsideringTimeout(MethodInvocationHelper.java:69)
org.testng.internal.invokers.ConfigInvoker.invokeConfigurationMethod(ConfigInvoker.java:390)
org.testng.internal.invokers.ConfigInvoker.invokeConfigurations(ConfigInvoker.java:325)
org.testng.internal.invokers.TestInvoker.runConfigMethods(TestInvoker.java:810)
org.testng.internal.invokers.TestInvoker.invokeMethod(TestInvoker.java:577)
org.testng.internal.invokers.TestInvoker.invokeTestMethod(TestInvoker.java:227)
org.testng.internal.invokers.MethodRunner.runInSequence(MethodRunner.java:50)
org.testng.internal.invokers.TestInvoker$MethodInvocationAgent.invoke(TestInvoker.java:957)
org.testng.internal.invokers.TestInvoker.invokeTestMethods(TestInvoker.java:200)
org.testng.internal.invokers.TestMethodWorker.invokeTestMethods(TestMethodWorker.java:148)
org.testng.internal.invokers.TestMethodWorker.run(TestMethodWorker.java:128)
java.base/java.util.ArrayList.forEach(ArrayList.java:1596)
org.testng.TestRunner.privateRun(TestRunner.java:848)
org.testng.TestRunner.run(TestRunner.java:621)
org.testng.SuiteRunner.runTest(SuiteRunner.java:443)
org.testng.SuiteRunner.runSequentially(SuiteRunner.java:437)
org.testng.SuiteRunner.privateRun(SuiteRunner.java:397)
org.testng.SuiteRunner.run(SuiteRunner.java:336)
org.testng.SuiteRunnerWorker.runSuite(SuiteRunnerWorker.java:52)
org.testng.SuiteRunnerWorker.run(SuiteRunnerWorker.java:95)
org.testng.TestNG.runSuitesSequentially(TestNG.java:1280)
org.testng.TestNG.runSuitesLocally(TestNG.java:1200)
org.testng.TestNG.runSuites(TestNG.java:1114)
org.testng.TestNG.run(TestNG.java:1082)
org.apache.maven.surefire.testng.TestNGExecutor.run(TestNGExecutor.java:308)
org.apache.maven.surefire.testng.TestNGXmlTestSuite.execute(TestNGXmlTestSuite.java:71)
org.apache.maven.surefire.testng.TestNGProvider.invoke(TestNGProvider.java:113)
org.apache.maven.surefire.booter.ForkedBooter.runSuitesInProcess(ForkedBooter.java:385)
org.apache.maven.surefire.booter.ForkedBooter.execute(ForkedBooter.java:162)
org.apache.maven.surefire.booter.ForkedBooter.run(ForkedBooter.java:507)
org.apache.maven.surefire.booter.ForkedBooter.main(ForkedBooter.java:495)
[2025-03-29 12:49:25] [1] [WARN] Reporting disabled: using no op test run registrar
[2025-03-29 12:49:25] [1] [INFO] TEST [Android Mobile Tests - testCancelTaskEdit] STARTED at [13:49:25 2025-03-29]
[2025-03-29 12:49:25] [1] [ERROR] TEST [Android Mobile Tests - testCancelTaskEdit] SKIPPED at [13:49:25 2025-03-29] - Cannot detect driver type. Capabilities 'browserName', 'platformName', 'udid' are empty.

com.zebrunner.carina.webdriver.config.WebDriverConfiguration.getDriverType(WebDriverConfiguration.java:454)
com.zebrunner.carina.webdriver.core.factory.DriverFactory.create(DriverFactory.java:70)
com.zebrunner.carina.webdriver.IDriverPool.createDriver(IDriverPool.java:404)
com.zebrunner.carina.webdriver.IDriverPool.getDriver(IDriverPool.java:152)
com.zebrunner.carina.webdriver.IDriverPool.getDriver(IDriverPool.java:116)
com.zebrunner.carina.webdriver.IDriverPool.getDriver(IDriverPool.java:104)
com.zebrunner.carina.automationexercise.mobile.AndroidTodoAppTest.setUp(AndroidTodoAppTest.java:20)
java.base/jdk.internal.reflect.DirectMethodHandleAccessor.invoke(DirectMethodHandleAccessor.java:103)
java.base/java.lang.reflect.Method.invoke(Method.java:580)
org.testng.internal.invokers.MethodInvocationHelper.invokeMethod(MethodInvocationHelper.java:139)
org.testng.internal.invokers.MethodInvocationHelper.invokeMethodConsideringTimeout(MethodInvocationHelper.java:69)
org.testng.internal.invokers.ConfigInvoker.invokeConfigurationMethod(ConfigInvoker.java:390)
org.testng.internal.invokers.ConfigInvoker.invokeConfigurations(ConfigInvoker.java:325)
org.testng.internal.invokers.TestInvoker.runConfigMethods(TestInvoker.java:810)
org.testng.internal.invokers.TestInvoker.invokeMethod(TestInvoker.java:577)
org.testng.internal.invokers.TestInvoker.invokeTestMethod(TestInvoker.java:227)
org.testng.internal.invokers.MethodRunner.runInSequence(MethodRunner.java:50)
org.testng.internal.invokers.TestInvoker$MethodInvocationAgent.invoke(TestInvoker.java:957)
org.testng.internal.invokers.TestInvoker.invokeTestMethods(TestInvoker.java:200)
org.testng.internal.invokers.TestMethodWorker.invokeTestMethods(TestMethodWorker.java:148)
org.testng.internal.invokers.TestMethodWorker.run(TestMethodWorker.java:128)
java.base/java.util.ArrayList.forEach(ArrayList.java:1596)
org.testng.TestRunner.privateRun(TestRunner.java:848)
org.testng.TestRunner.run(TestRunner.java:621)
org.testng.SuiteRunner.runTest(SuiteRunner.java:443)
org.testng.SuiteRunner.runSequentially(SuiteRunner.java:437)
org.testng.SuiteRunner.privateRun(SuiteRunner.java:397)
org.testng.SuiteRunner.run(SuiteRunner.java:336)
org.testng.SuiteRunnerWorker.runSuite(SuiteRunnerWorker.java:52)
org.testng.SuiteRunnerWorker.run(SuiteRunnerWorker.java:95)
org.testng.TestNG.runSuitesSequentially(TestNG.java:1280)
org.testng.TestNG.runSuitesLocally(TestNG.java:1200)
org.testng.TestNG.runSuites(TestNG.java:1114)
org.testng.TestNG.run(TestNG.java:1082)
org.apache.maven.surefire.testng.TestNGExecutor.run(TestNGExecutor.java:308)
org.apache.maven.surefire.testng.TestNGXmlTestSuite.execute(TestNGXmlTestSuite.java:71)
org.apache.maven.surefire.testng.TestNGProvider.invoke(TestNGProvider.java:113)
org.apache.maven.surefire.booter.ForkedBooter.runSuitesInProcess(ForkedBooter.java:385)
org.apache.maven.surefire.booter.ForkedBooter.execute(ForkedBooter.java:162)
org.apache.maven.surefire.booter.ForkedBooter.run(ForkedBooter.java:507)
org.apache.maven.surefire.booter.ForkedBooter.main(ForkedBooter.java:495)
[2025-03-29 12:49:25] [1] [WARN] Reporting disabled: using no op test run registrar
[2025-03-29 12:49:25] [1] [INFO] TEST [Android Mobile Tests - testDeleteTask] STARTED at [13:49:25 2025-03-29]
[2025-03-29 12:49:25] [1] [ERROR] TEST [Android Mobile Tests - testDeleteTask] SKIPPED at [13:49:25 2025-03-29] - Cannot detect driver type. Capabilities 'browserName', 'platformName', 'udid' are empty.

com.zebrunner.carina.webdriver.config.WebDriverConfiguration.getDriverType(WebDriverConfiguration.java:454)
com.zebrunner.carina.webdriver.core.factory.DriverFactory.create(DriverFactory.java:70)
com.zebrunner.carina.webdriver.IDriverPool.createDriver(IDriverPool.java:404)
com.zebrunner.carina.webdriver.IDriverPool.getDriver(IDriverPool.java:152)
com.zebrunner.carina.webdriver.IDriverPool.getDriver(IDriverPool.java:116)
com.zebrunner.carina.webdriver.IDriverPool.getDriver(IDriverPool.java:104)
com.zebrunner.carina.automationexercise.mobile.AndroidTodoAppTest.setUp(AndroidTodoAppTest.java:20)
java.base/jdk.internal.reflect.DirectMethodHandleAccessor.invoke(DirectMethodHandleAccessor.java:103)
java.base/java.lang.reflect.Method.invoke(Method.java:580)
org.testng.internal.invokers.MethodInvocationHelper.invokeMethod(MethodInvocationHelper.java:139)
org.testng.internal.invokers.MethodInvocationHelper.invokeMethodConsideringTimeout(MethodInvocationHelper.java:69)
org.testng.internal.invokers.ConfigInvoker.invokeConfigurationMethod(ConfigInvoker.java:390)
org.testng.internal.invokers.ConfigInvoker.invokeConfigurations(ConfigInvoker.java:325)
org.testng.internal.invokers.TestInvoker.runConfigMethods(TestInvoker.java:810)
org.testng.internal.invokers.TestInvoker.invokeMethod(TestInvoker.java:577)
org.testng.internal.invokers.TestInvoker.invokeTestMethod(TestInvoker.java:227)
org.testng.internal.invokers.MethodRunner.runInSequence(MethodRunner.java:50)
org.testng.internal.invokers.TestInvoker$MethodInvocationAgent.invoke(TestInvoker.java:957)
org.testng.internal.invokers.TestInvoker.invokeTestMethods(TestInvoker.java:200)
org.testng.internal.invokers.TestMethodWorker.invokeTestMethods(TestMethodWorker.java:148)
org.testng.internal.invokers.TestMethodWorker.run(TestMethodWorker.java:128)
java.base/java.util.ArrayList.forEach(ArrayList.java:1596)
org.testng.TestRunner.privateRun(TestRunner.java:848)
org.testng.TestRunner.run(TestRunner.java:621)
org.testng.SuiteRunner.runTest(SuiteRunner.java:443)
org.testng.SuiteRunner.runSequentially(SuiteRunner.java:437)
org.testng.SuiteRunner.privateRun(SuiteRunner.java:397)
org.testng.SuiteRunner.run(SuiteRunner.java:336)
org.testng.SuiteRunnerWorker.runSuite(SuiteRunnerWorker.java:52)
org.testng.SuiteRunnerWorker.run(SuiteRunnerWorker.java:95)
org.testng.TestNG.runSuitesSequentially(TestNG.java:1280)
org.testng.TestNG.runSuitesLocally(TestNG.java:1200)
org.testng.TestNG.runSuites(TestNG.java:1114)
org.testng.TestNG.run(TestNG.java:1082)
org.apache.maven.surefire.testng.TestNGExecutor.run(TestNGExecutor.java:308)
org.apache.maven.surefire.testng.TestNGXmlTestSuite.execute(TestNGXmlTestSuite.java:71)
org.apache.maven.surefire.testng.TestNGProvider.invoke(TestNGProvider.java:113)
org.apache.maven.surefire.booter.ForkedBooter.runSuitesInProcess(ForkedBooter.java:385)
org.apache.maven.surefire.booter.ForkedBooter.execute(ForkedBooter.java:162)
org.apache.maven.surefire.booter.ForkedBooter.run(ForkedBooter.java:507)
org.apache.maven.surefire.booter.ForkedBooter.main(ForkedBooter.java:495)
[2025-03-29 12:49:25] [1] [WARN] Reporting disabled: using no op test run registrar
[2025-03-29 12:49:25] [1] [INFO] TEST [Android Mobile Tests - testEditTask] STARTED at [13:49:25 2025-03-29]
[2025-03-29 12:49:25] [1] [ERROR] TEST [Android Mobile Tests - testEditTask] SKIPPED at [13:49:25 2025-03-29] - Cannot detect driver type. Capabilities 'browserName', 'platformName', 'udid' are empty.

com.zebrunner.carina.webdriver.config.WebDriverConfiguration.getDriverType(WebDriverConfiguration.java:454)
com.zebrunner.carina.webdriver.core.factory.DriverFactory.create(DriverFactory.java:70)
com.zebrunner.carina.webdriver.IDriverPool.createDriver(IDriverPool.java:404)
com.zebrunner.carina.webdriver.IDriverPool.getDriver(IDriverPool.java:152)
com.zebrunner.carina.webdriver.IDriverPool.getDriver(IDriverPool.java:116)
com.zebrunner.carina.webdriver.IDriverPool.getDriver(IDriverPool.java:104)
com.zebrunner.carina.automationexercise.mobile.AndroidTodoAppTest.setUp(AndroidTodoAppTest.java:20)
java.base/jdk.internal.reflect.DirectMethodHandleAccessor.invoke(DirectMethodHandleAccessor.java:103)
java.base/java.lang.reflect.Method.invoke(Method.java:580)
org.testng.internal.invokers.MethodInvocationHelper.invokeMethod(MethodInvocationHelper.java:139)
org.testng.internal.invokers.MethodInvocationHelper.invokeMethodConsideringTimeout(MethodInvocationHelper.java:69)
org.testng.internal.invokers.ConfigInvoker.invokeConfigurationMethod(ConfigInvoker.java:390)
org.testng.internal.invokers.ConfigInvoker.invokeConfigurations(ConfigInvoker.java:325)
org.testng.internal.invokers.TestInvoker.runConfigMethods(TestInvoker.java:810)
org.testng.internal.invokers.TestInvoker.invokeMethod(TestInvoker.java:577)
org.testng.internal.invokers.TestInvoker.invokeTestMethod(TestInvoker.java:227)
org.testng.internal.invokers.MethodRunner.runInSequence(MethodRunner.java:50)
org.testng.internal.invokers.TestInvoker$MethodInvocationAgent.invoke(TestInvoker.java:957)
org.testng.internal.invokers.TestInvoker.invokeTestMethods(TestInvoker.java:200)
org.testng.internal.invokers.TestMethodWorker.invokeTestMethods(TestMethodWorker.java:148)
org.testng.internal.invokers.TestMethodWorker.run(TestMethodWorker.java:128)
java.base/java.util.ArrayList.forEach(ArrayList.java:1596)
org.testng.TestRunner.privateRun(TestRunner.java:848)
org.testng.TestRunner.run(TestRunner.java:621)
org.testng.SuiteRunner.runTest(SuiteRunner.java:443)
org.testng.SuiteRunner.runSequentially(SuiteRunner.java:437)
org.testng.SuiteRunner.privateRun(SuiteRunner.java:397)
org.testng.SuiteRunner.run(SuiteRunner.java:336)
org.testng.SuiteRunnerWorker.runSuite(SuiteRunnerWorker.java:52)
org.testng.SuiteRunnerWorker.run(SuiteRunnerWorker.java:95)
org.testng.TestNG.runSuitesSequentially(TestNG.java:1280)
org.testng.TestNG.runSuitesLocally(TestNG.java:1200)
org.testng.TestNG.runSuites(TestNG.java:1114)
org.testng.TestNG.run(TestNG.java:1082)
org.apache.maven.surefire.testng.TestNGExecutor.run(TestNGExecutor.java:308)
org.apache.maven.surefire.testng.TestNGXmlTestSuite.execute(TestNGXmlTestSuite.java:71)
org.apache.maven.surefire.testng.TestNGProvider.invoke(TestNGProvider.java:113)
org.apache.maven.surefire.booter.ForkedBooter.runSuitesInProcess(ForkedBooter.java:385)
org.apache.maven.surefire.booter.ForkedBooter.execute(ForkedBooter.java:162)
org.apache.maven.surefire.booter.ForkedBooter.run(ForkedBooter.java:507)
org.apache.maven.surefire.booter.ForkedBooter.main(ForkedBooter.java:495)
[2025-03-29 12:49:25] [1] [WARN] Reporting disabled: using no op test run registrar
[2025-03-29 12:49:25] [1] [INFO] TEST [Android Mobile Tests - testFilters [L01]] STARTED at [13:49:25 2025-03-29]
[2025-03-29 12:49:25] [1] [ERROR] TEST [Android Mobile Tests - testFilters [L01]] SKIPPED at [13:49:25 2025-03-29] - Cannot detect driver type. Capabilities 'browserName', 'platformName', 'udid' are empty.

com.zebrunner.carina.webdriver.config.WebDriverConfiguration.getDriverType(WebDriverConfiguration.java:454)
com.zebrunner.carina.webdriver.core.factory.DriverFactory.create(DriverFactory.java:70)
com.zebrunner.carina.webdriver.IDriverPool.createDriver(IDriverPool.java:404)
com.zebrunner.carina.webdriver.IDriverPool.getDriver(IDriverPool.java:152)
com.zebrunner.carina.webdriver.IDriverPool.getDriver(IDriverPool.java:116)
com.zebrunner.carina.webdriver.IDriverPool.getDriver(IDriverPool.java:104)
com.zebrunner.carina.automationexercise.mobile.AndroidTodoAppTest.setUp(AndroidTodoAppTest.java:20)
java.base/jdk.internal.reflect.DirectMethodHandleAccessor.invoke(DirectMethodHandleAccessor.java:103)
java.base/java.lang.reflect.Method.invoke(Method.java:580)
org.testng.internal.invokers.MethodInvocationHelper.invokeMethod(MethodInvocationHelper.java:139)
org.testng.internal.invokers.MethodInvocationHelper.invokeMethodConsideringTimeout(MethodInvocationHelper.java:69)
org.testng.internal.invokers.ConfigInvoker.invokeConfigurationMethod(ConfigInvoker.java:390)
org.testng.internal.invokers.ConfigInvoker.invokeConfigurations(ConfigInvoker.java:325)
org.testng.internal.invokers.TestInvoker.runConfigMethods(TestInvoker.java:810)
org.testng.internal.invokers.TestInvoker.invokeMethod(TestInvoker.java:577)
org.testng.internal.invokers.TestInvoker.invokeTestMethod(TestInvoker.java:227)
org.testng.internal.invokers.MethodRunner.runInSequence(MethodRunner.java:50)
org.testng.internal.invokers.TestInvoker$MethodInvocationAgent.invoke(TestInvoker.java:957)
org.testng.internal.invokers.TestInvoker.invokeTestMethods(TestInvoker.java:200)
org.testng.internal.invokers.TestMethodWorker.invokeTestMethods(TestMethodWorker.java:148)
org.testng.internal.invokers.TestMethodWorker.run(TestMethodWorker.java:128)
java.base/java.util.ArrayList.forEach(ArrayList.java:1596)
org.testng.TestRunner.privateRun(TestRunner.java:848)
org.testng.TestRunner.run(TestRunner.java:621)
org.testng.SuiteRunner.runTest(SuiteRunner.java:443)
org.testng.SuiteRunner.runSequentially(SuiteRunner.java:437)
org.testng.SuiteRunner.privateRun(SuiteRunner.java:397)
org.testng.SuiteRunner.run(SuiteRunner.java:336)
org.testng.SuiteRunnerWorker.runSuite(SuiteRunnerWorker.java:52)
org.testng.SuiteRunnerWorker.run(SuiteRunnerWorker.java:95)
org.testng.TestNG.runSuitesSequentially(TestNG.java:1280)
org.testng.TestNG.runSuitesLocally(TestNG.java:1200)
org.testng.TestNG.runSuites(TestNG.java:1114)
org.testng.TestNG.run(TestNG.java:1082)
org.apache.maven.surefire.testng.TestNGExecutor.run(TestNGExecutor.java:308)
org.apache.maven.surefire.testng.TestNGXmlTestSuite.execute(TestNGXmlTestSuite.java:71)
org.apache.maven.surefire.testng.TestNGProvider.invoke(TestNGProvider.java:113)
org.apache.maven.surefire.booter.ForkedBooter.runSuitesInProcess(ForkedBooter.java:385)
org.apache.maven.surefire.booter.ForkedBooter.execute(ForkedBooter.java:162)
org.apache.maven.surefire.booter.ForkedBooter.run(ForkedBooter.java:507)
org.apache.maven.surefire.booter.ForkedBooter.main(ForkedBooter.java:495)
[2025-03-29 12:49:25] [1] [INFO] TEST [Android Mobile Tests - testFilters [L02]] STARTED at [13:49:25 2025-03-29]
[2025-03-29 12:49:25] [1] [ERROR] TEST [Android Mobile Tests - testFilters [L02]] SKIPPED at [13:49:25 2025-03-29] - Cannot detect driver type. Capabilities 'browserName', 'platformName', 'udid' are empty.

com.zebrunner.carina.webdriver.config.WebDriverConfiguration.getDriverType(WebDriverConfiguration.java:454)
com.zebrunner.carina.webdriver.core.factory.DriverFactory.create(DriverFactory.java:70)
com.zebrunner.carina.webdriver.IDriverPool.createDriver(IDriverPool.java:404)
com.zebrunner.carina.webdriver.IDriverPool.getDriver(IDriverPool.java:152)
com.zebrunner.carina.webdriver.IDriverPool.getDriver(IDriverPool.java:116)
com.zebrunner.carina.webdriver.IDriverPool.getDriver(IDriverPool.java:104)
com.zebrunner.carina.automationexercise.mobile.AndroidTodoAppTest.setUp(AndroidTodoAppTest.java:20)
java.base/jdk.internal.reflect.DirectMethodHandleAccessor.invoke(DirectMethodHandleAccessor.java:103)
java.base/java.lang.reflect.Method.invoke(Method.java:580)
org.testng.internal.invokers.MethodInvocationHelper.invokeMethod(MethodInvocationHelper.java:139)
org.testng.internal.invokers.MethodInvocationHelper.invokeMethodConsideringTimeout(MethodInvocationHelper.java:69)
org.testng.internal.invokers.ConfigInvoker.invokeConfigurationMethod(ConfigInvoker.java:390)
org.testng.internal.invokers.ConfigInvoker.invokeConfigurations(ConfigInvoker.java:325)
org.testng.internal.invokers.TestInvoker.runConfigMethods(TestInvoker.java:810)
org.testng.internal.invokers.TestInvoker.invokeMethod(TestInvoker.java:577)
org.testng.internal.invokers.TestInvoker.invokeTestMethod(TestInvoker.java:227)
org.testng.internal.invokers.MethodRunner.runInSequence(MethodRunner.java:50)
org.testng.internal.invokers.TestInvoker$MethodInvocationAgent.invoke(TestInvoker.java:957)
org.testng.internal.invokers.TestInvoker.invokeTestMethods(TestInvoker.java:200)
org.testng.internal.invokers.TestMethodWorker.invokeTestMethods(TestMethodWorker.java:148)
org.testng.internal.invokers.TestMethodWorker.run(TestMethodWorker.java:128)
java.base/java.util.ArrayList.forEach(ArrayList.java:1596)
org.testng.TestRunner.privateRun(TestRunner.java:848)
org.testng.TestRunner.run(TestRunner.java:621)
org.testng.SuiteRunner.runTest(SuiteRunner.java:443)
org.testng.SuiteRunner.runSequentially(SuiteRunner.java:437)
org.testng.SuiteRunner.privateRun(SuiteRunner.java:397)
org.testng.SuiteRunner.run(SuiteRunner.java:336)
org.testng.SuiteRunnerWorker.runSuite(SuiteRunnerWorker.java:52)
org.testng.SuiteRunnerWorker.run(SuiteRunnerWorker.java:95)
org.testng.TestNG.runSuitesSequentially(TestNG.java:1280)
org.testng.TestNG.runSuitesLocally(TestNG.java:1200)
org.testng.TestNG.runSuites(TestNG.java:1114)
org.testng.TestNG.run(TestNG.java:1082)
org.apache.maven.surefire.testng.TestNGExecutor.run(TestNGExecutor.java:308)
org.apache.maven.surefire.testng.TestNGXmlTestSuite.execute(TestNGXmlTestSuite.java:71)
org.apache.maven.surefire.testng.TestNGProvider.invoke(TestNGProvider.java:113)
org.apache.maven.surefire.booter.ForkedBooter.runSuitesInProcess(ForkedBooter.java:385)
org.apache.maven.surefire.booter.ForkedBooter.execute(ForkedBooter.java:162)
org.apache.maven.surefire.booter.ForkedBooter.run(ForkedBooter.java:507)
org.apache.maven.surefire.booter.ForkedBooter.main(ForkedBooter.java:495)
[2025-03-29 12:49:25] [1] [INFO] TEST [Android Mobile Tests - testFilters [L03]] STARTED at [13:49:25 2025-03-29]
[2025-03-29 12:49:25] [1] [ERROR] TEST [Android Mobile Tests - testFilters [L03]] SKIPPED at [13:49:25 2025-03-29] - Cannot detect driver type. Capabilities 'browserName', 'platformName', 'udid' are empty.

com.zebrunner.carina.webdriver.config.WebDriverConfiguration.getDriverType(WebDriverConfiguration.java:454)
com.zebrunner.carina.webdriver.core.factory.DriverFactory.create(DriverFactory.java:70)
com.zebrunner.carina.webdriver.IDriverPool.createDriver(IDriverPool.java:404)
com.zebrunner.carina.webdriver.IDriverPool.getDriver(IDriverPool.java:152)
com.zebrunner.carina.webdriver.IDriverPool.getDriver(IDriverPool.java:116)
com.zebrunner.carina.webdriver.IDriverPool.getDriver(IDriverPool.java:104)
com.zebrunner.carina.automationexercise.mobile.AndroidTodoAppTest.setUp(AndroidTodoAppTest.java:20)
java.base/jdk.internal.reflect.DirectMethodHandleAccessor.invoke(DirectMethodHandleAccessor.java:103)
java.base/java.lang.reflect.Method.invoke(Method.java:580)
org.testng.internal.invokers.MethodInvocationHelper.invokeMethod(MethodInvocationHelper.java:139)
org.testng.internal.invokers.MethodInvocationHelper.invokeMethodConsideringTimeout(MethodInvocationHelper.java:69)
org.testng.internal.invokers.ConfigInvoker.invokeConfigurationMethod(ConfigInvoker.java:390)
org.testng.internal.invokers.ConfigInvoker.invokeConfigurations(ConfigInvoker.java:325)
org.testng.internal.invokers.TestInvoker.runConfigMethods(TestInvoker.java:810)
org.testng.internal.invokers.TestInvoker.invokeMethod(TestInvoker.java:577)
org.testng.internal.invokers.TestInvoker.invokeTestMethod(TestInvoker.java:227)
org.testng.internal.invokers.MethodRunner.runInSequence(MethodRunner.java:50)
org.testng.internal.invokers.TestInvoker$MethodInvocationAgent.invoke(TestInvoker.java:957)
org.testng.internal.invokers.TestInvoker.invokeTestMethods(TestInvoker.java:200)
org.testng.internal.invokers.TestMethodWorker.invokeTestMethods(TestMethodWorker.java:148)
org.testng.internal.invokers.TestMethodWorker.run(TestMethodWorker.java:128)
java.base/java.util.ArrayList.forEach(ArrayList.java:1596)
org.testng.TestRunner.privateRun(TestRunner.java:848)
org.testng.TestRunner.run(TestRunner.java:621)
org.testng.SuiteRunner.runTest(SuiteRunner.java:443)
org.testng.SuiteRunner.runSequentially(SuiteRunner.java:437)
org.testng.SuiteRunner.privateRun(SuiteRunner.java:397)
org.testng.SuiteRunner.run(SuiteRunner.java:336)
org.testng.SuiteRunnerWorker.runSuite(SuiteRunnerWorker.java:52)
org.testng.SuiteRunnerWorker.run(SuiteRunnerWorker.java:95)
org.testng.TestNG.runSuitesSequentially(TestNG.java:1280)
org.testng.TestNG.runSuitesLocally(TestNG.java:1200)
org.testng.TestNG.runSuites(TestNG.java:1114)
org.testng.TestNG.run(TestNG.java:1082)
org.apache.maven.surefire.testng.TestNGExecutor.run(TestNGExecutor.java:308)
org.apache.maven.surefire.testng.TestNGXmlTestSuite.execute(TestNGXmlTestSuite.java:71)
org.apache.maven.surefire.testng.TestNGProvider.invoke(TestNGProvider.java:113)
org.apache.maven.surefire.booter.ForkedBooter.runSuitesInProcess(ForkedBooter.java:385)
org.apache.maven.surefire.booter.ForkedBooter.execute(ForkedBooter.java:162)
org.apache.maven.surefire.booter.ForkedBooter.run(ForkedBooter.java:507)
org.apache.maven.surefire.booter.ForkedBooter.main(ForkedBooter.java:495)
[2025-03-29 12:49:25] [1] [WARN] Reporting disabled: using no op test run registrar
[2025-03-29 12:49:25] [1] [INFO] TEST [Android Mobile Tests - testMarkTaskAsCompleted] STARTED at [13:49:25 2025-03-29]
[2025-03-29 12:49:25] [1] [ERROR] TEST [Android Mobile Tests - testMarkTaskAsCompleted] SKIPPED at [13:49:25 2025-03-29] - Cannot detect driver type. Capabilities 'browserName', 'platformName', 'udid' are empty.

com.zebrunner.carina.webdriver.config.WebDriverConfiguration.getDriverType(WebDriverConfiguration.java:454)
com.zebrunner.carina.webdriver.core.factory.DriverFactory.create(DriverFactory.java:70)
com.zebrunner.carina.webdriver.IDriverPool.createDriver(IDriverPool.java:404)
com.zebrunner.carina.webdriver.IDriverPool.getDriver(IDriverPool.java:152)
com.zebrunner.carina.webdriver.IDriverPool.getDriver(IDriverPool.java:116)
com.zebrunner.carina.webdriver.IDriverPool.getDriver(IDriverPool.java:104)
com.zebrunner.carina.automationexercise.mobile.AndroidTodoAppTest.setUp(AndroidTodoAppTest.java:20)
java.base/jdk.internal.reflect.DirectMethodHandleAccessor.invoke(DirectMethodHandleAccessor.java:103)
java.base/java.lang.reflect.Method.invoke(Method.java:580)
org.testng.internal.invokers.MethodInvocationHelper.invokeMethod(MethodInvocationHelper.java:139)
org.testng.internal.invokers.MethodInvocationHelper.invokeMethodConsideringTimeout(MethodInvocationHelper.java:69)
org.testng.internal.invokers.ConfigInvoker.invokeConfigurationMethod(ConfigInvoker.java:390)
org.testng.internal.invokers.ConfigInvoker.invokeConfigurations(ConfigInvoker.java:325)
org.testng.internal.invokers.TestInvoker.runConfigMethods(TestInvoker.java:810)
org.testng.internal.invokers.TestInvoker.invokeMethod(TestInvoker.java:577)
org.testng.internal.invokers.TestInvoker.invokeTestMethod(TestInvoker.java:227)
org.testng.internal.invokers.MethodRunner.runInSequence(MethodRunner.java:50)
org.testng.internal.invokers.TestInvoker$MethodInvocationAgent.invoke(TestInvoker.java:957)
org.testng.internal.invokers.TestInvoker.invokeTestMethods(TestInvoker.java:200)
org.testng.internal.invokers.TestMethodWorker.invokeTestMethods(TestMethodWorker.java:148)
org.testng.internal.invokers.TestMethodWorker.run(TestMethodWorker.java:128)
java.base/java.util.ArrayList.forEach(ArrayList.java:1596)
org.testng.TestRunner.privateRun(TestRunner.java:848)
org.testng.TestRunner.run(TestRunner.java:621)
org.testng.SuiteRunner.runTest(SuiteRunner.java:443)
org.testng.SuiteRunner.runSequentially(SuiteRunner.java:437)
org.testng.SuiteRunner.privateRun(SuiteRunner.java:397)
org.testng.SuiteRunner.run(SuiteRunner.java:336)
org.testng.SuiteRunnerWorker.runSuite(SuiteRunnerWorker.java:52)
org.testng.SuiteRunnerWorker.run(SuiteRunnerWorker.java:95)
org.testng.TestNG.runSuitesSequentially(TestNG.java:1280)
org.testng.TestNG.runSuitesLocally(TestNG.java:1200)
org.testng.TestNG.runSuites(TestNG.java:1114)
org.testng.TestNG.run(TestNG.java:1082)
org.apache.maven.surefire.testng.TestNGExecutor.run(TestNGExecutor.java:308)
org.apache.maven.surefire.testng.TestNGXmlTestSuite.execute(TestNGXmlTestSuite.java:71)
org.apache.maven.surefire.testng.TestNGProvider.invoke(TestNGProvider.java:113)
org.apache.maven.surefire.booter.ForkedBooter.runSuitesInProcess(ForkedBooter.java:385)
org.apache.maven.surefire.booter.ForkedBooter.execute(ForkedBooter.java:162)
org.apache.maven.surefire.booter.ForkedBooter.run(ForkedBooter.java:507)
org.apache.maven.surefire.booter.ForkedBooter.main(ForkedBooter.java:495)
[2025-03-29 12:49:25] [1] [WARN] Reporting disabled: using no op test run registrar
[2025-03-29 12:49:25] [1] [INFO] TEST [Android Mobile Tests - testTaskCountDisplay] STARTED at [13:49:25 2025-03-29]
[2025-03-29 12:49:25] [1] [ERROR] TEST [Android Mobile Tests - testTaskCountDisplay] SKIPPED at [13:49:25 2025-03-29] - Cannot detect driver type. Capabilities 'browserName', 'platformName', 'udid' are empty.

com.zebrunner.carina.webdriver.config.WebDriverConfiguration.getDriverType(WebDriverConfiguration.java:454)
com.zebrunner.carina.webdriver.core.factory.DriverFactory.create(DriverFactory.java:70)
com.zebrunner.carina.webdriver.IDriverPool.createDriver(IDriverPool.java:404)
com.zebrunner.carina.webdriver.IDriverPool.getDriver(IDriverPool.java:152)
com.zebrunner.carina.webdriver.IDriverPool.getDriver(IDriverPool.java:116)
com.zebrunner.carina.webdriver.IDriverPool.getDriver(IDriverPool.java:104)
com.zebrunner.carina.automationexercise.mobile.AndroidTodoAppTest.setUp(AndroidTodoAppTest.java:20)
java.base/jdk.internal.reflect.DirectMethodHandleAccessor.invoke(DirectMethodHandleAccessor.java:103)
java.base/java.lang.reflect.Method.invoke(Method.java:580)
org.testng.internal.invokers.MethodInvocationHelper.invokeMethod(MethodInvocationHelper.java:139)
org.testng.internal.invokers.MethodInvocationHelper.invokeMethodConsideringTimeout(MethodInvocationHelper.java:69)
org.testng.internal.invokers.ConfigInvoker.invokeConfigurationMethod(ConfigInvoker.java:390)
org.testng.internal.invokers.ConfigInvoker.invokeConfigurations(ConfigInvoker.java:325)
org.testng.internal.invokers.TestInvoker.runConfigMethods(TestInvoker.java:810)
org.testng.internal.invokers.TestInvoker.invokeMethod(TestInvoker.java:577)
org.testng.internal.invokers.TestInvoker.invokeTestMethod(TestInvoker.java:227)
org.testng.internal.invokers.MethodRunner.runInSequence(MethodRunner.java:50)
org.testng.internal.invokers.TestInvoker$MethodInvocationAgent.invoke(TestInvoker.java:957)
org.testng.internal.invokers.TestInvoker.invokeTestMethods(TestInvoker.java:200)
org.testng.internal.invokers.TestMethodWorker.invokeTestMethods(TestMethodWorker.java:148)
org.testng.internal.invokers.TestMethodWorker.run(TestMethodWorker.java:128)
java.base/java.util.ArrayList.forEach(ArrayList.java:1596)
org.testng.TestRunner.privateRun(TestRunner.java:848)
org.testng.TestRunner.run(TestRunner.java:621)
org.testng.SuiteRunner.runTest(SuiteRunner.java:443)
org.testng.SuiteRunner.runSequentially(SuiteRunner.java:437)
org.testng.SuiteRunner.privateRun(SuiteRunner.java:397)
org.testng.SuiteRunner.run(SuiteRunner.java:336)
org.testng.SuiteRunnerWorker.runSuite(SuiteRunnerWorker.java:52)
org.testng.SuiteRunnerWorker.run(SuiteRunnerWorker.java:95)
org.testng.TestNG.runSuitesSequentially(TestNG.java:1280)
org.testng.TestNG.runSuitesLocally(TestNG.java:1200)
org.testng.TestNG.runSuites(TestNG.java:1114)
org.testng.TestNG.run(TestNG.java:1082)
org.apache.maven.surefire.testng.TestNGExecutor.run(TestNGExecutor.java:308)
org.apache.maven.surefire.testng.TestNGXmlTestSuite.execute(TestNGXmlTestSuite.java:71)
org.apache.maven.surefire.testng.TestNGProvider.invoke(TestNGProvider.java:113)
org.apache.maven.surefire.booter.ForkedBooter.runSuitesInProcess(ForkedBooter.java:385)
org.apache.maven.surefire.booter.ForkedBooter.execute(ForkedBooter.java:162)
org.apache.maven.surefire.booter.ForkedBooter.run(ForkedBooter.java:507)
org.apache.maven.surefire.booter.ForkedBooter.main(ForkedBooter.java:495)
[2025-03-29 12:49:25] [1] [INFO] INFO: '**************** Test execution summary ****************'.
[2025-03-29 12:49:25] [1] [INFO] RESULT #1: TEST [Android Mobile Tests - testAddTask] SKIP [log=file://D:\Java\carina-automation\reports\1743252561113/6bbb116b-b031-4644-a323-a242121e2838/test.log]
[2025-03-29 12:49:25] [1] [INFO] RESULT #2: TEST [Android Mobile Tests - testAppLaunch] SKIP [log=file://D:\Java\carina-automation\reports\1743252561113/6bbb116b-b031-4644-a323-a242121e2838/test.log]
[2025-03-29 12:49:25] [1] [INFO] RESULT #3: TEST [Android Mobile Tests - testCancelTaskEdit] SKIP [log=file://D:\Java\carina-automation\reports\1743252561113/6bbb116b-b031-4644-a323-a242121e2838/test.log]
[2025-03-29 12:49:25] [1] [INFO] RESULT #4: TEST [Android Mobile Tests - testDeleteTask] SKIP [log=file://D:\Java\carina-automation\reports\1743252561113/6bbb116b-b031-4644-a323-a242121e2838/test.log]
[2025-03-29 12:49:25] [1] [INFO] RESULT #5: TEST [Android Mobile Tests - testEditTask] SKIP [log=file://D:\Java\carina-automation\reports\1743252561113/6bbb116b-b031-4644-a323-a242121e2838/test.log]
[2025-03-29 12:49:25] [1] [INFO] RESULT #6: TEST [Android Mobile Tests - testFilters [L01]] SKIP [log=file://D:\Java\carina-automation\reports\1743252561113/6bbb116b-b031-4644-a323-a242121e2838/test.log]
[2025-03-29 12:49:25] [1] [INFO] RESULT #7: TEST [Android Mobile Tests - testFilters [L02]] SKIP [log=file://D:\Java\carina-automation\reports\1743252561113/6bbb116b-b031-4644-a323-a242121e2838/test.log]
[2025-03-29 12:49:25] [1] [INFO] RESULT #8: TEST [Android Mobile Tests - testFilters [L03]] SKIP [log=file://D:\Java\carina-automation\reports\1743252561113/6bbb116b-b031-4644-a323-a242121e2838/test.log]
[2025-03-29 12:49:25] [1] [INFO] RESULT #9: TEST [Android Mobile Tests - testMarkTaskAsCompleted] SKIP [log=file://D:\Java\carina-automation\reports\1743252561113/6bbb116b-b031-4644-a323-a242121e2838/test.log]
[2025-03-29 12:49:25] [1] [INFO] RESULT #10: TEST [Android Mobile Tests - testTaskCountDisplay] SKIP [log=file://D:\Java\carina-automation\reports\1743252561113/6bbb116b-b031-4644-a323-a242121e2838/test.log]
